============================================================
STEP 1: Load Phase 2 outputs
============================================================
Loaded: feature_matrix=(500, 16384), labels=(500,), log_probs=(500,)
  Correct: 340 / 500 (68.0%)

============================================================
STEP 2: Train / val / test split
============================================================
  train: 349 instances, correct=237 (67.9%)
  val: 50 instances, correct=34 (68.0%)
  test: 101 instances, correct=69 (68.3%)

  Training on 349 instances, validating on 50, testing on 101

============================================================
STEP 3: Train classifiers
============================================================

Training Logistic Regression...
Logistic Regression trained.
Training MLP...
MLP trained.
Training Random Forest...
Random Forest trained.

Validation set sanity check:
  LogReg val accuracy: 0.7000
  MLP val accuracy: 0.7400
  RF val accuracy: 0.7200

============================================================
STEP 4: 5-Fold Cross-Validation
============================================================

  Fold 1/5
Logistic Regression trained.
    SAE LogReg: AUROC=0.6564
MLP trained.
    SAE MLP: AUROC=0.7218
Random Forest trained.
    SAE RF: AUROC=0.6938

  Fold 2/5
Logistic Regression trained.
    SAE LogReg: AUROC=0.7155
MLP trained.
    SAE MLP: AUROC=0.7219
Random Forest trained.
    SAE RF: AUROC=0.7625

  Fold 3/5
Logistic Regression trained.
    SAE LogReg: AUROC=0.7436
MLP trained.
    SAE MLP: AUROC=0.7920
Random Forest trained.
    SAE RF: AUROC=0.8540

  Fold 4/5
Logistic Regression trained.
    SAE LogReg: AUROC=0.6731
MLP trained.
    SAE MLP: AUROC=0.7158
Random Forest trained.
    SAE RF: AUROC=0.6795

  Fold 5/5
Logistic Regression trained.
    SAE LogReg: AUROC=0.6678
MLP trained.
    SAE MLP: AUROC=0.6737
Random Forest trained.
    SAE RF: AUROC=0.5952

==============================================================================
  K-FOLD CROSS-VALIDATION RESULTS
==============================================================================
  System                       AUROC          F1@20%          F1@30%          F1@40%  
  ------------------  --------------  --------------  --------------  --------------
  SAE LogReg          0.6913 ± 0.0329  0.3573 ± 0.0361  0.4448 ± 0.0634  0.5137 ± 0.0314  
  SAE MLP             0.7250 ± 0.0380  0.4052 ± 0.0313  0.4933 ± 0.0474  0.5433 ± 0.0310  
  SAE RF              0.7170 ± 0.0867  0.4035 ± 0.0868  0.5168 ± 0.1032  0.5562 ± 0.1065  
==============================================================================

============================================================
STEP 5: Evaluate deferral systems
============================================================

==============================================================================
  DEFERRAL EVALUATION RESULTS
==============================================================================
  Coverage  System               AUROC      F1   Prec@k   Acc Rem
  --------  ------------------  ------  ------  -------  --------
       20%  SAE LogReg          0.7534  0.5000   0.6500    0.7654
       20%  SAE MLP             0.8087  0.5385   0.7000    0.7778
       20%  SAE RF              0.7756  0.4615   0.6000    0.7531
       20%  Confidence          0.5915  0.2692   0.3500    0.6914
       20%  Random              0.4946  0.3462   0.4500    0.7160

       30%  SAE LogReg          0.7534  0.5806   0.6000    0.8028
       30%  SAE MLP             0.8087  0.6129   0.6333    0.8169
       30%  SAE RF              0.7756  0.5484   0.5667    0.7887
       30%  Confidence          0.5915  0.3548   0.3667    0.7042
       30%  Random              0.4946  0.3226   0.3333    0.6901

       40%  SAE LogReg          0.7534  0.5556   0.5000    0.8033
       40%  SAE MLP             0.8087  0.6667   0.6000    0.8689
       40%  SAE RF              0.7756  0.6667   0.6000    0.8689
       40%  Confidence          0.5915  0.3889   0.3500    0.7049
       40%  Random              0.4946  0.3333   0.3000    0.6721

==============================================================================

==========================================================
  TOP 20 SAE FEATURES PREDICTING ERRORS
==========================================================
   Feature idx   Coefficient
           443        1.3007
          2165        1.2443
           348        1.0714
          5739        0.9298
           412        0.9267
          1638        0.8085
          9725        0.8028
          2444        0.7726
          1079        0.7347
          6992        0.6796
           403        0.6520
          8736        0.6303
         13145        0.6018
           192        0.5634
          1373        0.5401
           607        0.5387
           109        0.5341
           641        0.5114
           680        0.5042
          8363        0.4986

  TOP 20 SAE FEATURES PREDICTING CORRECT ANSWERS
   Feature idx   Coefficient
           249       -1.2424
          1128       -1.2278
          6236       -1.1981
          3716       -0.9072
          1685       -0.8680
           687       -0.8243
          2056       -0.8152
          7035       -0.7572
          3974       -0.6908
          1096       -0.6505
          1610       -0.6364
           980       -0.6104
           568       -0.5516
           127       -0.5281
           950       -0.5228
          3119       -0.5013
           731       -0.4660
          8708       -0.4646
          9126       -0.4563
          1821       -0.4543
==========================================================

Results saved → data/phase3_results.json

Phase 3 complete. Results saved to data/phase3_results.json
