============================================================
STEP 1 - Load data
============================================================
Loaded: feature_matrix=(500, 16384), labels=(500,)
 Correct: 340 / 500 (68.0%)
 Errors: 160 / 500 (32.0%)

============================================================
STEP 2 - Separate error instances
============================================================
 Error instances : 160
 Correct instances : 340

============================================================
STEP 3 - Normalize binary activation patterns
============================================================
  Avg active features per instance: 57.4

============================================================
STEP 4 - Find optimal k
============================================================
 k=2: inertia=25.16
 k=3: inertia=22.88
 k=4: inertia=21.53
 k=5: inertia=20.34
 k=6: inertia=19.60
 k=7: inertia=19.08
 k=8: inertia=18.73
 k=9: inertia=18.17
 Suggested k: 3

Using k=3

============================================================
STEP 5 - Cluster error instances (k=3)
============================================================
 Cluster 0: 65 error instances
 Cluster 1: 32 error instances
 Cluster 2: 63 error instances

============================================================
STEP 6 - Profile clusters
============================================================

============================================================
STEP 7 - Cluster membership deferral
============================================================

Cluster-based deferral AUROC: 0.6364

============================================================
  FAILURE CLUSTER PROFILES
============================================================

  Cluster 0:
 Size : 65 error instances
 Coverage : 40.6% of all errors
 Error ratio : 47.1% of nearby instances are errors
 Top SAE features:
 Feature   1685  mean_activation=255.3276
 Feature  12332  mean_activation=204.4808
 Feature    165  mean_activation=202.3453
 Feature  15345  mean_activation=177.3614
 Feature   7525  mean_activation=171.7243

  Cluster 1:
 Size : 32 error instances
 Coverage : 20.0% of all errors
 Error ratio : 29.9% of nearby instances are errors
 Top SAE features:
 Feature   7525  mean_activation=530.7267
 Feature   4609  mean_activation=345.1448
 Feature   1128  mean_activation=287.5483
 Feature    249  mean_activation=284.2405
 Feature  15721  mean_activation=258.8005

  Cluster 2:
 Size : 63 error instances
 Coverage : 39.4% of all errors
 Error ratio : 46.8% of nearby instances are errors
 Top SAE features:
 Feature   8363  mean_activation=538.3614
 Feature   9126  mean_activation=523.5261
 Feature    165  mean_activation=269.1552
 Feature  12160  mean_activation=268.0331
 Feature   5679  mean_activation=264.8840

============================================================


============================================================
STEP 8 - Compare against Phase 3
============================================================

==============================================================================
 CLUSTER DEFERRAL vs PHASE 3 CLASSIFIER COMPARISON
==============================================================================
  Coverage  System                   AUROC      F1   Prec@k   Acc Rem
  --------  ----------------------  ------  ------  -------  --------
       20%  Cluster Membership      0.6364  0.3231   0.4200    0.7050
      20%  SAE MLP                 0.8087  0.5385   0.7000    0.7778
      20%  SAE LogReg              0.7534  0.5000   0.6500    0.7654
      20%  SAE RF                  0.7756  0.4615   0.6000    0.7531
      20%  Confidence              0.5915  0.2692   0.3500    0.6914
      20%  Random                  0.4946  0.3462   0.4500    0.7160

       30%  Cluster Membership      0.6364  0.4065   0.4200    0.7229
      30%  SAE MLP                 0.8087  0.6129   0.6333    0.8169
      30%  SAE LogReg              0.7534  0.5806   0.6000    0.8028
      30%  SAE RF                  0.7756  0.5484   0.5667    0.7887
      30%  Confidence              0.5915  0.3548   0.3667    0.7042
      30%  Random                  0.4946  0.3226   0.3333    0.6901

       40%  Cluster Membership      0.6364  0.4611   0.4150    0.7433
      40%  SAE MLP                 0.8087  0.6667   0.6000    0.8689
      40%  SAE LogReg              0.7534  0.5556   0.5000    0.8033
      40%  SAE RF                  0.7756  0.6667   0.6000    0.8689
      40%  Confidence              0.5915  0.3889   0.3500    0.7049
      40%  Random                  0.4946  0.3333   0.3000    0.6721

==============================================================================

============================================================
STEP 9 - Save
============================================================
Saved clusters -> data/clusters.npz
Saved results -> data/phase4_results.json

Done.
