============================================================
STEP 1: Available SAE layers
============================================================
Available resid_post SAE layers in google/gemma-scope-2-1b-it:
  layer_9
  layer_17
  layer_22
  layer_29

============================================================
STEP 2: Load Gemma 3
============================================================
Loading tokenizer: google/gemma-3-1b-it ...
Loading model: google/gemma-3-1b-it (bfloat16, device_map=auto) ...
  -> 1.00B parameters on cuda

============================================================
STEP 3: Load GemmaScope 2 SAE (layer 7)
============================================================
SAE loaded - layer 7, sae_dim=16384, hidden_dim=1152
SAE loaded successfully.

============================================================
STEP 4: Load ContractNLI dataset
============================================================
Loading ContractNLI (kiddothe2b/contract-nli) [dev] ...
  -> 500 instances loaded
Loaded 500 instances.

============================================================
STEP 5: Robustness labeling
============================================================
  [  50/500]  correct so far: 29/50 (58.0%)
  [ 100/500]  correct so far: 51/100 (51.0%)
  [ 150/500]  correct so far: 70/150 (46.7%)
  [ 200/500]  correct so far: 91/200 (45.5%)
  [ 250/500]  correct so far: 119/250 (47.6%)
  [ 300/500]  correct so far: 145/300 (48.3%)
  [ 350/500]  correct so far: 167/350 (47.7%)
  [ 400/500]  correct so far: 189/400 (47.2%)
  [ 450/500]  correct so far: 219/450 (48.7%)
  [ 500/500]  correct so far: 235/500 (47.0%)

==========================================================
  LABEL STATISTICS
==========================================================
  Total instances : 500
  Correct  (True) :   235  (47.0%)
  Incorrect (False) :   265  (53.0%)

  Avg log-prob - correct : -0.1660  (std 0.4438)
  Avg log-prob - incorrect : -0.1634  (std 0.4505)
  (higher = more confident)
==========================================================

Saved 500 instances -> data/labeled_instances.json

============================================================
STEP 8: Train / val / test split
============================================================
Split -> train=349, val=49, test=102
Saved 349 instances -> data/train.json
Saved 49 instances -> data/val.json
Saved 102 instances -> data/test.json

Done. Splits: 349 train / 49 val / 102 test
All outputs in: data/
