============================================================
STEP 1 - Load data
============================================================
Loaded: feature_matrix=(500, 16384), labels=(500,)
 Correct: 235 / 500 (47.0%)
 Errors: 265 / 500 (53.0%)

============================================================
STEP 2 - Separate error instances
============================================================
 Error instances : 265
 Correct instances : 235

============================================================
STEP 3 - Normalize binary activation patterns
============================================================
  Avg active features per instance: 41.3

============================================================
STEP 4 - Find optimal k
============================================================
 k=2: inertia=10.86
 k=3: inertia=9.31
 k=4: inertia=8.23
 k=5: inertia=7.47
 k=6: inertia=6.88
 k=7: inertia=6.39
 k=8: inertia=6.10
 k=9: inertia=5.86
 Suggested k: 3

Using k=3

============================================================
STEP 5 - Cluster error instances (k=3)
============================================================
 Cluster 0: 36 error instances
 Cluster 1: 134 error instances
 Cluster 2: 95 error instances

============================================================
STEP 6 - Profile clusters
============================================================

============================================================
STEP 7 - Cluster membership deferral
============================================================

Cluster-based deferral AUROC: 0.4759

============================================================
  FAILURE CLUSTER PROFILES
============================================================

  Cluster 0:
 Size : 36 error instances
 Coverage : 13.6% of all errors
 Error ratio : 58.0% of nearby instances are errors
 Top SAE features:
 Feature   1559  mean_activation=20.0243
 Feature  16249  mean_activation=12.2035
 Feature    750  mean_activation=10.9196
 Feature    500  mean_activation=9.8299
 Feature    895  mean_activation=8.1268

  Cluster 1:
 Size : 134 error instances
 Coverage : 50.6% of all errors
 Error ratio : 57.3% of nearby instances are errors
 Top SAE features:
 Feature    500  mean_activation=7.1181
 Feature  16249  mean_activation=3.2563
 Feature    477  mean_activation=2.3896
 Feature    895  mean_activation=1.1731
 Feature   1219  mean_activation=0.9929

  Cluster 2:
 Size : 95 error instances
 Coverage : 35.8% of all errors
 Error ratio : 45.9% of nearby instances are errors
 Top SAE features:
 Feature    204  mean_activation=7.5096
 Feature    176  mean_activation=4.6474
 Feature     62  mean_activation=4.4181
 Feature    936  mean_activation=3.3330
 Feature    648  mean_activation=3.0615

============================================================


============================================================
STEP 8 - Compare against Phase 3
============================================================

==============================================================================
 CLUSTER DEFERRAL vs PHASE 3 CLASSIFIER COMPARISON
==============================================================================
  Coverage  System                   AUROC      F1   Prec@k   Acc Rem
  --------  ----------------------  ------  ------  -------  --------
       20%  Cluster Membership      0.4759  0.3641   0.4900    0.4600
      20%  SAE MLP                 0.5639  0.2162   0.4000    0.4390
      20%  SAE LogReg              0.6179  0.3514   0.6500    0.5000
      20%  SAE RF                  0.6782  0.4324   0.8000    0.5366
      20%  Confidence              0.4792  0.2973   0.5500    0.4756
      20%  Random                  0.4097  0.2432   0.4500    0.4512

       30%  Cluster Membership      0.4759  0.4009   0.5200    0.4657
      30%  SAE MLP                 0.5639  0.4048   0.5667    0.4861
      30%  SAE LogReg              0.6179  0.5000   0.7000    0.5417
      30%  SAE RF                  0.6782  0.5714   0.8000    0.5833
      30%  Confidence              0.4792  0.4000   0.5333    0.4722
      30%  Random                  0.4097  0.3333   0.4667    0.4444

       40%  Cluster Membership      0.4759  0.4301   0.5000    0.4500
      40%  SAE MLP                 0.5639  0.5106   0.6000    0.5161
      40%  SAE LogReg              0.6179  0.5745   0.6750    0.5645
      40%  SAE RF                  0.6782  0.5957   0.7000    0.5806
      40%  Confidence              0.4792  0.5000   0.5500    0.4839
      40%  Random                  0.4097  0.3830   0.4500    0.4194

==============================================================================

============================================================
STEP 9 - Save
============================================================
Saved clusters -> data/clusters.npz
Saved results -> data/phase4_results.json

Done.
