============================================================
STEP 1: Load Phase 2 outputs
============================================================
Loaded: feature_matrix=(500, 16384), labels=(500,), log_probs=(500,)
  Correct: 235 / 500 (47.0%)

============================================================
STEP 2: Train / val / test split
============================================================
  train: 349 instances, correct=164 (47.0%)
  val: 49 instances, correct=23 (46.9%)
  test: 102 instances, correct=48 (47.1%)

  Training on 349 instances, validating on 49, testing on 102

============================================================
STEP 3: Train classifiers
============================================================

Training Logistic Regression...
Logistic Regression trained.
Training MLP...
MLP trained.
Training Random Forest...
Random Forest trained.

Validation set sanity check:
  LogReg val accuracy: 0.5510
  MLP val accuracy: 0.6327
  RF val accuracy: 0.6122

============================================================
STEP 4: 5-Fold Cross-Validation
============================================================

  Fold 1/5
Logistic Regression trained.
    SAE LogReg: AUROC=0.6122
MLP trained.
    SAE MLP: AUROC=0.6278
Random Forest trained.
    SAE RF: AUROC=0.5946

  Fold 2/5
Logistic Regression trained.
    SAE LogReg: AUROC=0.6303
MLP trained.
    SAE MLP: AUROC=0.6685
Random Forest trained.
    SAE RF: AUROC=0.6980

  Fold 3/5
Logistic Regression trained.
    SAE LogReg: AUROC=0.6069
MLP trained.
    SAE MLP: AUROC=0.6232
Random Forest trained.
    SAE RF: AUROC=0.5541

  Fold 4/5
Logistic Regression trained.
    SAE LogReg: AUROC=0.6586
MLP trained.
    SAE MLP: AUROC=0.6567
Random Forest trained.
    SAE RF: AUROC=0.7127

  Fold 5/5
Logistic Regression trained.
    SAE LogReg: AUROC=0.5174
MLP trained.
    SAE MLP: AUROC=0.6120
Random Forest trained.
    SAE RF: AUROC=0.6165

==============================================================================
  K-FOLD CROSS-VALIDATION RESULTS
==============================================================================
  System                       AUROC          F1@20%          F1@30%          F1@40%  
  ------------------  --------------  --------------  --------------  --------------
  SAE LogReg          0.6051 ± 0.0474  0.3458 ± 0.0363  0.4421 ± 0.0573  0.5472 ± 0.0630  
  SAE MLP             0.6376 ± 0.0214  0.3531 ± 0.0413  0.4561 ± 0.0445  0.5584 ± 0.0233  
  SAE RF              0.6352 ± 0.0609  0.4017 ± 0.0538  0.5399 ± 0.0494  0.5803 ± 0.0535  
==============================================================================

============================================================
STEP 5: Evaluate deferral systems
============================================================

==============================================================================
  DEFERRAL EVALUATION RESULTS
==============================================================================
  Coverage  System               AUROC      F1   Prec@k   Acc Rem
  --------  ------------------  ------  ------  -------  --------
       20%  SAE LogReg          0.6179  0.3514   0.6500   0.2407    0.5000
       20%  SAE MLP             0.5639  0.2162   0.4000   0.1481    0.4390
       20%  SAE RF              0.6782  0.4324   0.8000   0.2963    0.5366
       20%  Confidence          0.4792  0.2973   0.5500   0.2037    0.4756
       20%  Random              0.4097  0.2432   0.4500   0.1667    0.4512

       30%  SAE LogReg          0.6179  0.5000   0.7000   0.3889    0.5417
       30%  SAE MLP             0.5639  0.4048   0.5667   0.3148    0.4861
       30%  SAE RF              0.6782  0.5714   0.8000   0.4444    0.5833
       30%  Confidence          0.4792  0.4000   0.5333   0.2963    0.4722
       30%  Random              0.4097  0.3333   0.4667   0.2593    0.4444

       40%  SAE LogReg          0.6179  0.5745   0.6750   0.5000    0.5645
       40%  SAE MLP             0.5639  0.5106   0.6000   0.4444    0.5161
       40%  SAE RF              0.6782  0.5957   0.7000   0.5185    0.5806
       40%  Confidence          0.4792  0.5000   0.5500   0.4074    0.4839
       40%  Random              0.4097  0.3830   0.4500   0.3333    0.4194

==============================================================================

==========================================================
  TOP 20 SAE FEATURES PREDICTING ERRORS
==========================================================
   Feature idx   Coefficient
          7787        0.6866
         14955        0.6491
           477        0.5614
         12616        0.5425
          5007        0.4885
          5422        0.4229
           711        0.4078
           176        0.3958
         12995        0.3507
          4948        0.3408
           648        0.3284
         14411        0.2788
           204        0.2754
          5391        0.2447
          7941        0.2178
          1559        0.1763
          2633        0.1704
          8700        0.1638
          1814        0.1583
         10193        0.1536

  TOP 20 SAE FEATURES PREDICTING CORRECT ANSWERS
   Feature idx   Coefficient
            79       -1.0570
         14734       -0.7745
            62       -0.7342
          5571       -0.4792
          4898       -0.4522
          4520       -0.4331
          5322       -0.4331
           500       -0.4100
           209       -0.3690
         10971       -0.3626
         16249       -0.3376
         15018       -0.2106
          4135       -0.1920
         14831       -0.1909
          1435       -0.1860
         14737       -0.1694
          7767       -0.1644
          7021       -0.1505
          8308       -0.1344
         13726       -0.1342
==========================================================

Results saved → data/phase3_results.json

Phase 3 complete. Results saved to data/phase3_results.json
