============================================================
STEP 1 - Load data
============================================================
Loaded: feature_matrix=(500, 16384), labels=(500,)
 Correct: 235 / 500 (47.0%)
 Errors: 265 / 500 (53.0%)

============================================================
STEP 2 - Separate error instances
============================================================
 Error instances : 265
 Correct instances : 235

============================================================
STEP 3 - Normalize binary activation patterns
============================================================
  Avg active features per instance: 67.6

============================================================
STEP 4 - Find optimal k
============================================================
 k=2: inertia=37.74
 k=3: inertia=35.70
 k=4: inertia=34.06
 k=5: inertia=32.75
 k=6: inertia=31.95
 k=7: inertia=31.19
 k=8: inertia=30.51
 k=9: inertia=29.74
 Suggested k: 3

Using k=3

============================================================
STEP 5 - Cluster error instances (k=3)
============================================================
 Cluster 0: 60 error instances
 Cluster 1: 105 error instances
 Cluster 2: 100 error instances

============================================================
STEP 6 - Profile clusters
============================================================

============================================================
STEP 7 - Cluster membership deferral
============================================================

Cluster-based deferral AUROC: 0.6785

============================================================
  FAILURE CLUSTER PROFILES
============================================================

  Cluster 0:
 Size : 60 error instances
 Coverage : 22.6% of all errors
 Error ratio : 57.3% of nearby instances are errors
 Top SAE features:
 Feature    591  mean_activation=55.7200
 Feature    137  mean_activation=53.2937
 Feature   3529  mean_activation=50.2466
 Feature   1136  mean_activation=48.4728
 Feature    497  mean_activation=43.3317

  Cluster 1:
 Size : 105 error instances
 Coverage : 39.6% of all errors
 Error ratio : 62.4% of nearby instances are errors
 Top SAE features:
 Feature   3529  mean_activation=26.6891
 Feature   4556  mean_activation=20.6866
 Feature   1136  mean_activation=20.0067
 Feature    493  mean_activation=18.1848
 Feature   3155  mean_activation=17.8636

  Cluster 2:
 Size : 100 error instances
 Coverage : 37.7% of all errors
 Error ratio : 61.3% of nearby instances are errors
 Top SAE features:
 Feature   2083  mean_activation=50.4663
 Feature    260  mean_activation=42.1190
 Feature   4463  mean_activation=37.2239
 Feature   8557  mean_activation=34.9609
 Feature    493  mean_activation=34.8806

============================================================


============================================================
STEP 8 - Compare against Phase 3
============================================================

==============================================================================
 CLUSTER DEFERRAL vs PHASE 3 CLASSIFIER COMPARISON
==============================================================================
  Coverage  System                   AUROC      F1   Prec@k   Acc Rem
  --------  ----------------------  ------  ------  -------  --------
       20%  Cluster Membership      0.6785  0.4208   0.7600    0.5275
      20%  SAE MLP                 0.7915  0.4595   0.8500    0.5488
      20%  SAE LogReg              0.8328  0.4595   0.8500    0.5488
      20%  SAE RF                  0.7703  0.4595   0.8500    0.5488
      20%  Confidence              0.4792  0.2973   0.5500    0.4756
      20%  Random                  0.4097  0.2432   0.4500    0.4512

       30%  Cluster Membership      0.6785  0.5108   0.7067    0.5457
      30%  SAE MLP                 0.7915  0.5882   0.8000    0.5833
      30%  SAE LogReg              0.8328  0.6429   0.9000    0.6250
      30%  SAE RF                  0.7703  0.5952   0.8333    0.5972
      30%  Confidence              0.4792  0.4000   0.5333    0.4722
      30%  Random                  0.4097  0.3333   0.4667    0.4444

       40%  Cluster Membership      0.6785  0.5978   0.6950    0.5800
      40%  SAE MLP                 0.7915  0.6809   0.8000    0.6452
      40%  SAE LogReg              0.8328  0.7021   0.8250    0.6613
      40%  SAE RF                  0.7703  0.7021   0.8250    0.6613
      40%  Confidence              0.4792  0.5000   0.5500    0.4839
      40%  Random                  0.4097  0.3830   0.4500    0.4194

==============================================================================

============================================================
STEP 9 - Save
============================================================
Saved clusters -> data/clusters.npz
Saved results -> data/phase4_results.json

Done.
