============================================================
STEP 1: Load Phase 2 outputs
============================================================
Loaded: feature_matrix=(500, 16384), labels=(500,), log_probs=(500,)
  Correct: 235 / 500 (47.0%)

============================================================
STEP 2: Train / val / test split
============================================================
  train: 349 instances, correct=164 (47.0%)
  val: 49 instances, correct=23 (46.9%)
  test: 102 instances, correct=48 (47.1%)

  Training on 349 instances, validating on 49, testing on 102

============================================================
STEP 3: Train classifiers
============================================================

Training Logistic Regression...
Logistic Regression trained.
Training MLP...
MLP trained.
Training Random Forest...
Random Forest trained.

Validation set sanity check:
  LogReg val accuracy: 0.7755
  MLP val accuracy: 0.8163
  RF val accuracy: 0.8367

============================================================
STEP 4: 5-Fold Cross-Validation
============================================================

  Fold 1/5
Logistic Regression trained.
    SAE LogReg: AUROC=0.8070
MLP trained.
    SAE MLP: AUROC=0.7713
Random Forest trained.
    SAE RF: AUROC=0.7491

  Fold 2/5
Logistic Regression trained.
    SAE LogReg: AUROC=0.7895
MLP trained.
    SAE MLP: AUROC=0.8615
Random Forest trained.
    SAE RF: AUROC=0.8271

  Fold 3/5
Logistic Regression trained.
    SAE LogReg: AUROC=0.6540
MLP trained.
    SAE MLP: AUROC=0.7502
Random Forest trained.
    SAE RF: AUROC=0.7093

  Fold 4/5
Logistic Regression trained.
    SAE LogReg: AUROC=0.7217
MLP trained.
    SAE MLP: AUROC=0.8073
Random Forest trained.
    SAE RF: AUROC=0.7674

  Fold 5/5
Logistic Regression trained.
    SAE LogReg: AUROC=0.7831
MLP trained.
    SAE MLP: AUROC=0.7754
Random Forest trained.
    SAE RF: AUROC=0.7606

==============================================================================
  K-FOLD CROSS-VALIDATION RESULTS
==============================================================================
  System                       AUROC          F1@20%          F1@30%          F1@40%  
  ------------------  --------------  --------------  --------------  --------------
  SAE LogReg          0.7511 ± 0.0564  0.4494 ± 0.0665  0.5531 ± 0.0615  0.6434 ± 0.0455  
  SAE MLP             0.7931 ± 0.0388  0.4773 ± 0.0196  0.5955 ± 0.0313  0.6720 ± 0.0341  
  SAE RF              0.7627 ± 0.0380  0.4361 ± 0.0475  0.5957 ± 0.0395  0.6887 ± 0.0383  
==============================================================================

============================================================
STEP 5: Evaluate deferral systems
============================================================

==============================================================================
  DEFERRAL EVALUATION RESULTS
==============================================================================
  Coverage  System               AUROC      F1   Prec@k   Acc Rem
  --------  ------------------  ------  ------  -------  --------
       20%  SAE LogReg          0.8328  0.4595   0.8500   0.3148    0.5488
       20%  SAE MLP             0.7915  0.4595   0.8500   0.3148    0.5488
       20%  SAE RF              0.7703  0.4595   0.8500   0.3148    0.5488
       20%  Confidence          0.4792  0.2973   0.5500   0.2037    0.4756
       20%  Random              0.4097  0.2432   0.4500   0.1667    0.4512

       30%  SAE LogReg          0.8328  0.6429   0.9000   0.5000    0.6250
       30%  SAE MLP             0.7915  0.5882   0.8000   0.4444    0.5833
       30%  SAE RF              0.7703  0.5952   0.8333   0.4630    0.5972
       30%  Confidence          0.4792  0.4000   0.5333   0.2963    0.4722
       30%  Random              0.4097  0.3333   0.4667   0.2593    0.4444

       40%  SAE LogReg          0.8328  0.7021   0.8250   0.6111    0.6613
       40%  SAE MLP             0.7915  0.6809   0.8000   0.5926    0.6452
       40%  SAE RF              0.7703  0.7021   0.8250   0.6111    0.6613
       40%  Confidence          0.4792  0.5000   0.5500   0.4074    0.4839
       40%  Random              0.4097  0.3830   0.4500   0.3333    0.4194

==============================================================================

==========================================================
  TOP 20 SAE FEATURES PREDICTING ERRORS
==========================================================
   Feature idx   Coefficient
          2293        1.1514
           461        1.0324
          9308        0.8349
          2223        0.8325
          5027        0.7261
           259        0.6749
            36        0.5757
           750        0.5685
           468        0.5513
          4556        0.5373
           756        0.5106
          2153        0.4878
         14806        0.4868
           625        0.4768
          1418        0.4741
           255        0.4713
           862        0.4353
           135        0.4219
           521        0.4159
           898        0.4123

  TOP 20 SAE FEATURES PREDICTING CORRECT ANSWERS
   Feature idx   Coefficient
           670       -1.9223
          1194       -1.0937
           542       -1.0426
          1136       -0.8017
           122       -0.7537
           144       -0.7327
            70       -0.6427
          9651       -0.6362
         13635       -0.6236
           591       -0.5517
           160       -0.5352
          1198       -0.5282
          3253       -0.5252
         11419       -0.4315
           188       -0.4125
          2581       -0.3740
         13004       -0.3577
           730       -0.3245
           152       -0.3054
          1274       -0.2933
==========================================================

Results saved → data/phase3_results.json

Phase 3 complete. Results saved to data/phase3_results.json
