============================================================
STEP 1 - Load data
============================================================
Loaded: feature_matrix=(500, 16384), labels=(500,)
 Correct: 235 / 500 (47.0%)
 Errors: 265 / 500 (53.0%)

============================================================
STEP 2 - Separate error instances
============================================================
 Error instances : 265
 Correct instances : 235

============================================================
STEP 3 - Normalize binary activation patterns
============================================================
  Avg active features per instance: 67.6

============================================================
STEP 4 - Find optimal k
============================================================
 k=2: inertia=37.72
 k=3: inertia=35.76
 k=4: inertia=34.28
 k=5: inertia=33.01
 k=6: inertia=32.13
 k=7: inertia=31.55
 k=8: inertia=30.78
 k=9: inertia=29.96
 Suggested k: 3

Using k=3

============================================================
STEP 5 - Cluster error instances (k=3)
============================================================
 Cluster 0: 83 error instances
 Cluster 1: 113 error instances
 Cluster 2: 69 error instances

============================================================
STEP 6 - Profile clusters
============================================================

============================================================
STEP 7 - Cluster membership deferral
============================================================

Cluster-based deferral AUROC: 0.6570

============================================================
  FAILURE CLUSTER PROFILES
============================================================

  Cluster 0:
 Size : 83 error instances
 Coverage : 31.3% of all errors
 Error ratio : 55.9% of nearby instances are errors
 Top SAE features:
 Feature   3529  mean_activation=27.7050
 Feature   1136  mean_activation=25.4852
 Feature   1527  mean_activation=21.9220
 Feature   4556  mean_activation=20.3397
 Feature    259  mean_activation=19.7262

  Cluster 1:
 Size : 113 error instances
 Coverage : 42.6% of all errors
 Error ratio : 60.7% of nearby instances are errors
 Top SAE features:
 Feature   2083  mean_activation=48.6284
 Feature    260  mean_activation=43.7137
 Feature    891  mean_activation=34.2512
 Feature    493  mean_activation=32.4432
 Feature   8557  mean_activation=32.3474

  Cluster 2:
 Size : 69 error instances
 Coverage : 26.0% of all errors
 Error ratio : 56.4% of nearby instances are errors
 Top SAE features:
 Feature    137  mean_activation=53.8714
 Feature   1136  mean_activation=49.4548
 Feature   3529  mean_activation=47.7777
 Feature    591  mean_activation=37.8695
 Feature    898  mean_activation=35.9084

============================================================


============================================================
STEP 8 - Compare against Phase 3
============================================================

==============================================================================
 CLUSTER DEFERRAL vs PHASE 3 CLASSIFIER COMPARISON
==============================================================================
  Coverage  System                   AUROC      F1   Prec@k   Acc Rem
  --------  ----------------------  ------  ------  -------  --------
       20%  Cluster Membership      0.6570  0.3781   0.6900    0.5100
      20%  SAE MLP                 0.8146  0.4595   0.8500    0.5488
      20%  SAE LogReg              0.8289  0.4324   0.8000    0.5366
      20%  SAE RF                  0.7811  0.4324   0.8000    0.5366
      20%  Confidence              0.4792  0.2973   0.5500    0.4756
      20%  Random                  0.4097  0.2432   0.4500    0.4512

       30%  Cluster Membership      0.6570  0.5060   0.7000    0.5429
      30%  SAE MLP                 0.8146  0.5952   0.8333    0.5972
      30%  SAE LogReg              0.8289  0.6190   0.8667    0.6111
      30%  SAE RF                  0.7811  0.5952   0.8333    0.5972
      30%  Confidence              0.4792  0.4000   0.5333    0.4722
      30%  Random                  0.4097  0.3333   0.4667    0.4444

       40%  Cluster Membership      0.6570  0.5849   0.6800    0.5700
      40%  SAE MLP                 0.8146  0.6809   0.8000    0.6452
      40%  SAE LogReg              0.8289  0.7021   0.8250    0.6613
      40%  SAE RF                  0.7811  0.7234   0.8500    0.6774
      40%  Confidence              0.4792  0.5000   0.5500    0.4839
      40%  Random                  0.4097  0.3830   0.4500    0.4194

==============================================================================

============================================================
STEP 9 - Save
============================================================
Saved clusters -> data/clusters.npz
Saved results -> data/phase4_results.json

Done.
