============================================================
STEP 1: Load Phase 2 outputs
============================================================
Loaded: feature_matrix=(500, 16384), labels=(500,), log_probs=(500,)
  Correct: 235 / 500 (47.0%)

============================================================
STEP 2: Train / val / test split
============================================================
  train: 349 instances, correct=164 (47.0%)
  val: 49 instances, correct=23 (46.9%)
  test: 102 instances, correct=48 (47.1%)

  Training on 349 instances, validating on 49, testing on 102

============================================================
STEP 3: Train classifiers
============================================================

Training Logistic Regression...
Logistic Regression trained.
Training MLP...
MLP trained.
Training Random Forest...
Random Forest trained.

Validation set sanity check:
  LogReg val accuracy: 0.7551
  MLP val accuracy: 0.8776
  RF val accuracy: 0.7959

============================================================
STEP 4: 5-Fold Cross-Validation
============================================================

  Fold 1/5
Logistic Regression trained.
    SAE LogReg: AUROC=0.7005
MLP trained.
    SAE MLP: AUROC=0.7588
Random Forest trained.
    SAE RF: AUROC=0.7763

  Fold 2/5
Logistic Regression trained.
    SAE LogReg: AUROC=0.7538
MLP trained.
    SAE MLP: AUROC=0.8753
Random Forest trained.
    SAE RF: AUROC=0.8540

  Fold 3/5
Logistic Regression trained.
    SAE LogReg: AUROC=0.7338
MLP trained.
    SAE MLP: AUROC=0.7608
Random Forest trained.
    SAE RF: AUROC=0.7112

  Fold 4/5
Logistic Regression trained.
    SAE LogReg: AUROC=0.7095
MLP trained.
    SAE MLP: AUROC=0.7835
Random Forest trained.
    SAE RF: AUROC=0.8060

  Fold 5/5
Logistic Regression trained.
    SAE LogReg: AUROC=0.7368
MLP trained.
    SAE MLP: AUROC=0.7709
Random Forest trained.
    SAE RF: AUROC=0.7664

==============================================================================
  K-FOLD CROSS-VALIDATION RESULTS
==============================================================================
  System                       AUROC          F1@20%          F1@30%          F1@40%  
  ------------------  --------------  --------------  --------------  --------------
  SAE LogReg          0.7269 ± 0.0193  0.4217 ± 0.0414  0.5529 ± 0.0620  0.6286 ± 0.0504  
  SAE MLP             0.7899 ± 0.0436  0.4702 ± 0.0609  0.6076 ± 0.0465  0.6774 ± 0.0350  
  SAE RF              0.7828 ± 0.0470  0.4568 ± 0.0340  0.6140 ± 0.0391  0.6993 ± 0.0240  
==============================================================================

============================================================
STEP 5: Evaluate deferral systems
============================================================

==============================================================================
  DEFERRAL EVALUATION RESULTS
==============================================================================
  Coverage  System               AUROC      F1   Prec@k   Acc Rem
  --------  ------------------  ------  ------  -------  --------
       20%  SAE LogReg          0.8289  0.4324   0.8000    0.5366
       20%  SAE MLP             0.8146  0.4595   0.8500    0.5488
       20%  SAE RF              0.7811  0.4324   0.8000    0.5366
       20%  Confidence          0.4792  0.2973   0.5500    0.4756
       20%  Random              0.4097  0.2432   0.4500    0.4512

       30%  SAE LogReg          0.8289  0.6190   0.8667    0.6111
       30%  SAE MLP             0.8146  0.5952   0.8333    0.5972
       30%  SAE RF              0.7811  0.5952   0.8333    0.5972
       30%  Confidence          0.4792  0.4000   0.5333    0.4722
       30%  Random              0.4097  0.3333   0.4667    0.4444

       40%  SAE LogReg          0.8289  0.7021   0.8250    0.6613
       40%  SAE MLP             0.8146  0.6809   0.8000    0.6452
       40%  SAE RF              0.7811  0.7234   0.8500    0.6774
       40%  Confidence          0.4792  0.5000   0.5500    0.4839
       40%  Random              0.4097  0.3830   0.4500    0.4194

==============================================================================

==========================================================
  TOP 20 SAE FEATURES PREDICTING ERRORS
==========================================================
   Feature idx   Coefficient
           461        1.1177
          2293        1.0900
          2223        0.8677
          7985        0.8589
           756        0.7176
          9308        0.7119
           255        0.6772
           135        0.6225
           440        0.6103
           889        0.5636
           474        0.5274
           790        0.5216
           723        0.5114
          6781        0.5086
          3155        0.5074
           468        0.4750
           259        0.4586
          2153        0.4511
          5027        0.4401
          1305        0.4368

  TOP 20 SAE FEATURES PREDICTING CORRECT ANSWERS
   Feature idx   Coefficient
           670       -1.4158
           144       -0.9858
         13635       -0.8151
           542       -0.7802
           152       -0.7323
         11419       -0.7042
           993       -0.6013
          1136       -0.5917
           122       -0.5747
           935       -0.5419
          1902       -0.5307
           402       -0.4693
          8557       -0.4666
          2559       -0.4463
           160       -0.4434
          1194       -0.4245
           188       -0.4016
          4022       -0.3963
          3253       -0.3907
           996       -0.3772
==========================================================

Results saved → data/phase3_results.json

Phase 3 complete. Results saved to data/phase3_results.json
