============================================================
STEP 1: Available SAE layers
============================================================
Available resid_post SAE layers in google/gemma-scope-2-4b-it:
  layer_9
  layer_17
  layer_22
  layer_29

============================================================
STEP 2: Load Gemma 3
============================================================
Loading tokenizer: google/gemma-3-4b-it ...
Loading model: google/gemma-3-4b-it (bfloat16, device_map=auto) ...
  -> 4.30B parameters on cuda

============================================================
STEP 3: Load GemmaScope 2 SAE (layer 22)
============================================================
SAE loaded - layer 22, sae_dim=16384, hidden_dim=2560
SAE loaded successfully.

============================================================
STEP 4: Load ContractNLI dataset
============================================================
Loading ContractNLI (kiddothe2b/contract-nli) [dev] ...
  -> 500 instances loaded
Loaded 500 instances.

============================================================
STEP 5: Robustness labeling
============================================================
  [  50/500]  correct so far: 33/50 (66.0%)
  [ 100/500]  correct so far: 64/100 (64.0%)
  [ 150/500]  correct so far: 96/150 (64.0%)
  [ 200/500]  correct so far: 133/200 (66.5%)
  [ 250/500]  correct so far: 164/250 (65.6%)
  [ 300/500]  correct so far: 200/300 (66.7%)
  [ 350/500]  correct so far: 236/350 (67.4%)
  [ 400/500]  correct so far: 272/400 (68.0%)
  [ 450/500]  correct so far: 316/450 (70.2%)
  [ 500/500]  correct so far: 347/500 (69.4%)

==========================================================
  LABEL STATISTICS
==========================================================
  Total instances : 500
  Correct  (True) :   347  (69.4%)
  Incorrect (False) :   153  (30.6%)

  Avg log-prob - correct : -0.1202  (std 0.3810)
  Avg log-prob - incorrect : -0.1091  (std 0.3694)
  (higher = more confident)
==========================================================

Saved 500 instances -> data/labeled_instances.json

============================================================
STEP 8: Train / val / test split
============================================================
Split -> train=349, val=49, test=102
Saved 349 instances -> data/train.json
Saved 49 instances -> data/val.json
Saved 102 instances -> data/test.json

Done. Splits: 349 train / 49 val / 102 test
All outputs in: data/
