============================================================
STEP 1 - Load data
============================================================
Loaded: feature_matrix=(500, 16384), labels=(500,)
 Correct: 347 / 500 (69.4%)
 Errors: 153 / 500 (30.6%)

============================================================
STEP 2 - Separate error instances
============================================================
 Error instances : 153
 Correct instances : 347

============================================================
STEP 3 - Normalize binary activation patterns
============================================================
  Avg active features per instance: 49.3

============================================================
STEP 4 - Find optimal k
============================================================
 k=2: inertia=23.85
 k=3: inertia=21.54
 k=4: inertia=20.16
 k=5: inertia=19.37
 k=6: inertia=18.49
 k=7: inertia=18.14
 k=8: inertia=17.44
 k=9: inertia=16.98
 Suggested k: 3

Using k=3

============================================================
STEP 5 - Cluster error instances (k=3)
============================================================
 Cluster 0: 34 error instances
 Cluster 1: 80 error instances
 Cluster 2: 39 error instances

============================================================
STEP 6 - Profile clusters
============================================================

============================================================
STEP 7 - Cluster membership deferral
============================================================

Cluster-based deferral AUROC: 0.6644

============================================================
  FAILURE CLUSTER PROFILES
============================================================

  Cluster 0:
 Size : 34 error instances
 Coverage : 22.2% of all errors
 Error ratio : 47.2% of nearby instances are errors
 Top SAE features:
 Feature   3359  mean_activation=297.3875
 Feature  10784  mean_activation=174.0258
 Feature   4479  mean_activation=151.8169
 Feature   5121  mean_activation=136.7148
 Feature   4730  mean_activation=132.7843

  Cluster 1:
 Size : 80 error instances
 Coverage : 52.3% of all errors
 Error ratio : 49.4% of nearby instances are errors
 Top SAE features:
 Feature   6685  mean_activation=123.9247
 Feature  13883  mean_activation=106.7956
 Feature  11509  mean_activation=76.7911
 Feature    859  mean_activation=69.4233
 Feature   4551  mean_activation=65.0474

  Cluster 2:
 Size : 39 error instances
 Coverage : 25.5% of all errors
 Error ratio : 29.3% of nearby instances are errors
 Top SAE features:
 Feature   2639  mean_activation=106.3467
 Feature   8174  mean_activation=103.3033
 Feature    534  mean_activation=72.1767
 Feature   2654  mean_activation=70.6029
 Feature    772  mean_activation=70.1100

============================================================


============================================================
STEP 8 - Compare against Phase 3
============================================================

==============================================================================
 CLUSTER DEFERRAL vs PHASE 3 CLASSIFIER COMPARISON
==============================================================================
  Coverage  System                   AUROC      F1   Prec@k   Acc Rem
  --------  ----------------------  ------  ------  -------  --------
       20%  Cluster Membership      0.6644  0.3399   0.4300    0.7250
      20%  SAE MLP                 0.6665  0.3529   0.4500    0.7317
      20%  SAE LogReg              0.6193  0.3137   0.4000    0.7195
      20%  SAE RF                  0.7060  0.4314   0.5500    0.7561
      20%  Confidence              0.4639  0.1154   0.1500    0.6585
      20%  Random                  0.5311  0.3137   0.4000    0.7195

       30%  Cluster Membership      0.6644  0.4290   0.4333    0.7486
      30%  SAE MLP                 0.6665  0.4918   0.5000    0.7778
      30%  SAE LogReg              0.6193  0.3607   0.3667    0.7222
      30%  SAE RF                  0.7060  0.4918   0.5000    0.7778
      30%  Confidence              0.4639  0.1967   0.2000    0.6528
      30%  Random                  0.5311  0.3607   0.3667    0.7222

       40%  Cluster Membership      0.6644  0.4703   0.4150    0.7667
      40%  SAE MLP                 0.6665  0.4789   0.4250    0.7742
      40%  SAE LogReg              0.6193  0.3944   0.3500    0.7258
      40%  SAE RF                  0.7060  0.5634   0.5000    0.8226
      40%  Confidence              0.4639  0.2778   0.2500    0.6613
      40%  Random                  0.5311  0.3380   0.3000    0.6935

==============================================================================

============================================================
STEP 9 - Save
============================================================
Saved clusters -> data/clusters.npz
Saved results -> data/phase4_results.json

Done.
