============================================================
STEP 1: Load Gemma 3
============================================================
Loading tokenizer: google/gemma-3-4b-it ...
Loading model: google/gemma-3-4b-it (bfloat16, device_map=auto) ...
  -> 4.30B parameters on cuda

============================================================
STEP 2: Load GemmaScope2 SAE (layer 22)
============================================================
SAE loaded - layer 22, sae_dim=16384, hidden_dim=2560

============================================================
STEP 3: Load labeled instances
============================================================
Loaded 500 instances <- data/labeled_instances.json

============================================================
STEP 4: SAE feature extraction
============================================================
Extracting features for 500 labeled instances (skipped 0 unlabeled)...
  [50/500]  correct: 33/50 (66.0%)
  Checkpoint saved → data/features_checkpoint.npz
  [100/500]  correct: 64/100 (64.0%)
  Checkpoint saved → data/features_checkpoint.npz
  [150/500]  correct: 96/150 (64.0%)
  Checkpoint saved → data/features_checkpoint.npz
  [200/500]  correct: 133/200 (66.5%)
  Checkpoint saved → data/features_checkpoint.npz
  [250/500]  correct: 164/250 (65.6%)
  Checkpoint saved → data/features_checkpoint.npz
  [300/500]  correct: 200/300 (66.7%)
  Checkpoint saved → data/features_checkpoint.npz
  [350/500]  correct: 236/350 (67.4%)
  Checkpoint saved → data/features_checkpoint.npz
  [400/500]  correct: 272/400 (68.0%)
  Checkpoint saved → data/features_checkpoint.npz
  [450/500]  correct: 316/450 (70.2%)
  Checkpoint saved → data/features_checkpoint.npz
  [500/500]  correct: 347/500 (69.4%)
  Checkpoint saved → data/features_checkpoint.npz

============================================================
STEP 5: Feature statistics
============================================================

==========================================================
  FEATURE STATISTICS
==========================================================
  Instances : 500
  SAE dim : 16384
  Avg active features / instance : 49.6  (out of 16384)
  Avg sparsity : 0.9970
  Mean activation - correct : 1.319532
  Mean activation - incorrect : 1.313289
==========================================================


============================================================
STEP 6: Save features
============================================================
Saved feature_matrix (500, 16384) → data/feature_matrix.npy
Saved labels (500,) → data/labels.npy
Saved instance_ids → data/instance_ids.json

Done. Feature matrix shape: (500, 16384)
Correct: 347 / 500 instances
Outputs saved to: data/
