============================================================
STEP 1: Load Phase 2 outputs
============================================================
Loaded: feature_matrix=(500, 16384), labels=(500,), log_probs=(500,)
  Correct: 347 / 500 (69.4%)

============================================================
STEP 2: Train / val / test split
============================================================
  train: 349 instances, correct=242 (69.3%)
  val: 49 instances, correct=34 (69.4%)
  test: 102 instances, correct=71 (69.6%)

  Training on 349 instances, validating on 49, testing on 102

============================================================
STEP 3: Train classifiers
============================================================

Training Logistic Regression...
Logistic Regression trained.
Training MLP...
MLP trained.
Training Random Forest...
Random Forest trained.

Validation set sanity check:
  LogReg val accuracy: 0.7347
  MLP val accuracy: 0.7551
  RF val accuracy: 0.7755

============================================================
STEP 4: 5-Fold Cross-Validation
============================================================

  Fold 1/5
Logistic Regression trained.
    SAE LogReg: AUROC=0.7333
MLP trained.
    SAE MLP: AUROC=0.8836
Random Forest trained.
    SAE RF: AUROC=0.8196

  Fold 2/5
Logistic Regression trained.
    SAE LogReg: AUROC=0.7113
MLP trained.
    SAE MLP: AUROC=0.8102
Random Forest trained.
    SAE RF: AUROC=0.7255

  Fold 3/5
Logistic Regression trained.
    SAE LogReg: AUROC=0.6971
MLP trained.
    SAE MLP: AUROC=0.7320
Random Forest trained.
    SAE RF: AUROC=0.7218

  Fold 4/5
Logistic Regression trained.
    SAE LogReg: AUROC=0.7163
MLP trained.
    SAE MLP: AUROC=0.7292
Random Forest trained.
    SAE RF: AUROC=0.7451

  Fold 5/5
Logistic Regression trained.
    SAE LogReg: AUROC=0.6470
MLP trained.
    SAE MLP: AUROC=0.6697
Random Forest trained.
    SAE RF: AUROC=0.7205

==============================================================================
  K-FOLD CROSS-VALIDATION RESULTS
==============================================================================
  System                       AUROC          F1@20%          F1@30%          F1@40%  
  ------------------  --------------  --------------  --------------  --------------
  SAE LogReg          0.7010 ± 0.0294  0.4176 ± 0.0559  0.4581 ± 0.0436  0.5000 ± 0.0602  
  SAE MLP             0.7649 ± 0.0742  0.4790 ± 0.0882  0.5493 ± 0.0927  0.6066 ± 0.1052  
  SAE RF              0.7465 ± 0.0376  0.4497 ± 0.1243  0.5834 ± 0.0911  0.6212 ± 0.0748  
==============================================================================

============================================================
STEP 5: Evaluate deferral systems
============================================================

==============================================================================
  DEFERRAL EVALUATION RESULTS
==============================================================================
  Coverage  System               AUROC      F1   Prec@k   Acc Rem
  --------  ------------------  ------  ------  -------  --------
       20%  SAE LogReg          0.6193  0.3137   0.4000    0.7195
       20%  SAE MLP             0.6665  0.3529   0.4500    0.7317
       20%  SAE RF              0.7060  0.4314   0.5500    0.7561
       20%  Confidence          0.4639  0.1154   0.1500    0.6585
       20%  Random              0.5311  0.3137   0.4000    0.7195

       30%  SAE LogReg          0.6193  0.3607   0.3667    0.7222
       30%  SAE MLP             0.6665  0.4918   0.5000    0.7778
       30%  SAE RF              0.7060  0.4918   0.5000    0.7778
       30%  Confidence          0.4639  0.1967   0.2000    0.6528
       30%  Random              0.5311  0.3607   0.3667    0.7222

       40%  SAE LogReg          0.6193  0.3944   0.3500    0.7258
       40%  SAE MLP             0.6665  0.4789   0.4250    0.7742
       40%  SAE RF              0.7060  0.5634   0.5000    0.8226
       40%  Confidence          0.4639  0.2778   0.2500    0.6613
       40%  Random              0.5311  0.3380   0.3000    0.6935

==============================================================================

==========================================================
  TOP 20 SAE FEATURES PREDICTING ERRORS
==========================================================
   Feature idx   Coefficient
          6976        1.1906
          2550        1.0745
           122        0.8327
          1496        0.7289
         12296        0.6967
           866        0.6874
          1118        0.6634
          3867        0.5878
          3168        0.5654
          2662        0.5654
          1007        0.5640
         13904        0.5387
          6837        0.5378
           440        0.5368
          2989        0.4915
           364        0.4772
          4231        0.4640
          4162        0.4630
          4676        0.4437
          1912        0.4117

  TOP 20 SAE FEATURES PREDICTING CORRECT ANSWERS
   Feature idx   Coefficient
         14966       -1.0867
          9598       -0.8235
           376       -0.7935
          6055       -0.7567
           981       -0.7534
          1977       -0.6425
          1266       -0.6316
           723       -0.5006
          2205       -0.4880
          6685       -0.4801
           403       -0.4494
           205       -0.4312
          5596       -0.3948
          1255       -0.3462
          8174       -0.3351
            48       -0.3276
          2639       -0.3131
          4551       -0.3092
          4295       -0.2830
          4479       -0.2751
==========================================================

Results saved → data/phase3_results.json

Phase 3 complete. Results saved to data/phase3_results.json
