============================================================
STEP 1: Load Phase 2 outputs
============================================================
Loaded: feature_matrix=(500, 16384), labels=(500,), log_probs=(500,)
  Correct: 241 / 500 (48.2%)

============================================================
STEP 2: Train / val / test split
============================================================
  train: 349 instances, correct=168 (48.1%)
  val: 49 instances, correct=24 (49.0%)
  test: 102 instances, correct=49 (48.0%)

  Training on 349 instances, validating on 49, testing on 102

============================================================
STEP 3: Train classifiers
============================================================

Training Logistic Regression...
Logistic Regression trained.
Training MLP...
MLP trained.
Training Random Forest...
Random Forest trained.

Validation set sanity check:
  LogReg val accuracy: 0.7347
  MLP val accuracy: 0.7959
  RF val accuracy: 0.7347

============================================================
STEP 4: 5-Fold Cross-Validation
============================================================

  Fold 1/5
Logistic Regression trained.
    SAE LogReg: AUROC=0.8333
MLP trained.
    SAE MLP: AUROC=0.8496
Random Forest trained.
    SAE RF: AUROC=0.8246

  Fold 2/5
Logistic Regression trained.
    SAE LogReg: AUROC=0.7561
MLP trained.
    SAE MLP: AUROC=0.7880
Random Forest trained.
    SAE RF: AUROC=0.8155

  Fold 3/5
Logistic Regression trained.
    SAE LogReg: AUROC=0.6723
MLP trained.
    SAE MLP: AUROC=0.7243
Random Forest trained.
    SAE RF: AUROC=0.7215

  Fold 4/5
Logistic Regression trained.
    SAE LogReg: AUROC=0.8036
MLP trained.
    SAE MLP: AUROC=0.8678
Random Forest trained.
    SAE RF: AUROC=0.8094

  Fold 5/5
Logistic Regression trained.
    SAE LogReg: AUROC=0.7291
MLP trained.
    SAE MLP: AUROC=0.7465
Random Forest trained.
    SAE RF: AUROC=0.6855

==============================================================================
  K-FOLD CROSS-VALIDATION RESULTS
==============================================================================
  System                       AUROC          F1@20%          F1@30%          F1@40%  
  ------------------  --------------  --------------  --------------  --------------
  SAE LogReg          0.7589 ± 0.0564  0.4576 ± 0.0282  0.5788 ± 0.0345  0.6597 ± 0.0559  
  SAE MLP             0.7952 ± 0.0560  0.4857 ± 0.0199  0.6112 ± 0.0245  0.7090 ± 0.0458  
  SAE RF              0.7713 ± 0.0567  0.4363 ± 0.0383  0.5986 ± 0.0197  0.6978 ± 0.0282  
==============================================================================

============================================================
STEP 5: Evaluate deferral systems
============================================================

==============================================================================
  DEFERRAL EVALUATION RESULTS
==============================================================================
  Coverage  System               AUROC      F1   Prec@k   Acc Rem
  --------  ------------------  ------  ------  -------  --------
       20%  SAE LogReg          0.7805  0.4110   0.7500    0.5366
       20%  SAE MLP             0.8206  0.4658   0.8500    0.5610
       20%  SAE RF              0.7023  0.4384   0.8000    0.5488
       20%  Confidence          0.5277  0.3514   0.6000    0.5000
       20%  Random              0.5472  0.3562   0.6500    0.5122

       30%  SAE LogReg          0.7805  0.5542   0.7667    0.5833
       30%  SAE MLP             0.8206  0.6506   0.9000    0.6389
       30%  SAE RF              0.7023  0.6024   0.8333    0.6111
       30%  Confidence          0.5277  0.3810   0.5333    0.4861
       30%  Random              0.5472  0.4337   0.6000    0.5139

       40%  SAE LogReg          0.7805  0.6667   0.7750    0.6452
       40%  SAE MLP             0.8206  0.7312   0.8500    0.6935
       40%  SAE RF              0.7023  0.6452   0.7500    0.6290
       40%  Confidence          0.5277  0.4516   0.5250    0.4839
       40%  Random              0.5472  0.5161   0.6000    0.5323

==============================================================================

==========================================================
  TOP 20 SAE FEATURES PREDICTING ERRORS
==========================================================
   Feature idx   Coefficient
           135        0.8465
           468        0.8434
           712        0.8186
           625        0.7643
           259        0.7221
           461        0.7217
          2949        0.7142
          2223        0.6990
           238        0.6919
         13893        0.6734
          2082        0.6685
           255        0.6359
           235        0.5993
           933        0.5335
           756        0.5182
          4463        0.5116
           569        0.5042
           508        0.4871
          1116        0.4838
         10904        0.4527

  TOP 20 SAE FEATURES PREDICTING CORRECT ANSWERS
   Feature idx   Coefficient
           670       -1.1821
           542       -1.1647
           497       -0.9212
            84       -0.8276
           730       -0.8166
          1156       -0.7807
           591       -0.7412
         11419       -0.7394
          8557       -0.6659
           923       -0.6643
           537       -0.6512
           144       -0.6166
           993       -0.5541
          2559       -0.5318
          1015       -0.5302
           152       -0.4640
           551       -0.4633
           137       -0.4567
          2083       -0.4547
          1902       -0.4461
==========================================================

Results saved → data/phase3_results.json

Phase 3 complete. Results saved to data/phase3_results.json
