============================================================
STEP 1: Load Gemma 3
============================================================
Loading tokenizer: google/gemma-3-1b-it ...
Loading model: google/gemma-3-1b-it (bfloat16, device_map=auto) ...
  -> 1.00B parameters on cuda

============================================================
STEP 2: Load GemmaScope2 SAE (layer 17)
============================================================
SAE loaded - layer 17, sae_dim=16384, hidden_dim=1152

============================================================
STEP 3: Load labeled instances
============================================================
Loaded 500 instances <- data/labeled_instances.json

============================================================
STEP 4: SAE feature extraction
============================================================
Extracting features for 500 labeled instances (skipped 0 unlabeled)...
  [50/500]  correct: 29/50 (58.0%)
  Checkpoint saved → data/features_checkpoint.npz
  [100/500]  correct: 51/100 (51.0%)
  Checkpoint saved → data/features_checkpoint.npz
  [150/500]  correct: 71/150 (47.3%)
  Checkpoint saved → data/features_checkpoint.npz
  [200/500]  correct: 92/200 (46.0%)
  Checkpoint saved → data/features_checkpoint.npz
  [250/500]  correct: 122/250 (48.8%)
  Checkpoint saved → data/features_checkpoint.npz
  [300/500]  correct: 150/300 (50.0%)
  Checkpoint saved → data/features_checkpoint.npz
  [350/500]  correct: 171/350 (48.9%)
  Checkpoint saved → data/features_checkpoint.npz
  [400/500]  correct: 194/400 (48.5%)
  Checkpoint saved → data/features_checkpoint.npz
  [450/500]  correct: 224/450 (49.8%)
  Checkpoint saved → data/features_checkpoint.npz
  [500/500]  correct: 241/500 (48.2%)
  Checkpoint saved → data/features_checkpoint.npz

============================================================
STEP 5: Feature statistics
============================================================

==========================================================
  FEATURE STATISTICS
==========================================================
  Instances : 500
  SAE dim : 16384
  Avg active features / instance : 67.8  (out of 16384)
  Avg sparsity : 0.9959
  Mean activation - correct : 0.757271
  Mean activation - incorrect : 0.756861
==========================================================


============================================================
STEP 6: Save features
============================================================
Saved feature_matrix (500, 16384) → data/feature_matrix.npy
Saved labels (500,) → data/labels.npy
Saved instance_ids → data/instance_ids.json

Done. Feature matrix shape: (500, 16384)
Correct: 241 / 500 instances
Outputs saved to: data/
