============================================================
STEP 1: Load Phase 2 outputs
============================================================
Loaded: feature_matrix=(500, 16384), labels=(500,), log_probs=(500,)
  Correct: 340 / 500 (68.0%)

============================================================
STEP 2: Train / val / test split
============================================================
  train: 349 instances, correct=237 (67.9%)
  val: 50 instances, correct=34 (68.0%)
  test: 101 instances, correct=69 (68.3%)

  Training on 349 instances, validating on 50, testing on 101

============================================================
STEP 3: Train classifiers
============================================================

Training Logistic Regression...
Logistic Regression trained.
Training MLP...
MLP trained.
Training Random Forest...
Random Forest trained.

Validation set sanity check:
  LogReg val accuracy: 0.7000
  MLP val accuracy: 0.8400
  RF val accuracy: 0.7000

============================================================
STEP 4: 5-Fold Cross-Validation
============================================================

  Fold 1/5
Logistic Regression trained.
    SAE LogReg: AUROC=0.6207
MLP trained.
    SAE MLP: AUROC=0.7087
Random Forest trained.
    SAE RF: AUROC=0.7116

  Fold 2/5
Logistic Regression trained.
    SAE LogReg: AUROC=0.8052
MLP trained.
    SAE MLP: AUROC=0.7660
Random Forest trained.
    SAE RF: AUROC=0.7717

  Fold 3/5
Logistic Regression trained.
    SAE LogReg: AUROC=0.7422
MLP trained.
    SAE MLP: AUROC=0.7977
Random Forest trained.
    SAE RF: AUROC=0.8141

  Fold 4/5
Logistic Regression trained.
    SAE LogReg: AUROC=0.7486
MLP trained.
    SAE MLP: AUROC=0.7201
Random Forest trained.
    SAE RF: AUROC=0.6766

  Fold 5/5
Logistic Regression trained.
    SAE LogReg: AUROC=0.6515
MLP trained.
    SAE MLP: AUROC=0.7019
Random Forest trained.
    SAE RF: AUROC=0.6211

==============================================================================
  K-FOLD CROSS-VALIDATION RESULTS
==============================================================================
  System                       AUROC          F1@20%          F1@30%          F1@40%  
  ------------------  --------------  --------------  --------------  --------------
  SAE LogReg          0.7136 ± 0.0677  0.3854 ± 0.0815  0.4848 ± 0.0827  0.5422 ± 0.1074  
  SAE MLP             0.7389 ± 0.0370  0.4440 ± 0.0517  0.5666 ± 0.0541  0.5918 ± 0.0423  
  SAE RF              0.7190 ± 0.0682  0.4433 ± 0.0973  0.5248 ± 0.1162  0.5704 ± 0.0777  
==============================================================================

============================================================
STEP 5: Evaluate deferral systems
============================================================

==============================================================================
  DEFERRAL EVALUATION RESULTS
==============================================================================
  Coverage  System               AUROC      F1   Prec@k   Acc Rem
  --------  ------------------  ------  ------  -------  --------
       20%  SAE LogReg          0.7113  0.4615   0.6000    0.7531
       20%  SAE MLP             0.7276  0.3846   0.5000    0.7284
       20%  SAE RF              0.8019  0.5385   0.7000    0.7778
       20%  Confidence          0.5915  0.2692   0.3500    0.6914
       20%  Random              0.4946  0.3462   0.4500    0.7160

       30%  SAE LogReg          0.7113  0.4839   0.5000    0.7606
       30%  SAE MLP             0.7276  0.4839   0.5000    0.7606
       30%  SAE RF              0.8019  0.6452   0.6667    0.8310
       30%  Confidence          0.5915  0.3548   0.3667    0.7042
       30%  Random              0.4946  0.3226   0.3333    0.6901

       40%  SAE LogReg          0.7113  0.5278   0.4750    0.7869
       40%  SAE MLP             0.7276  0.6111   0.5500    0.8361
       40%  SAE RF              0.8019  0.6667   0.6000    0.8689
       40%  Confidence          0.5915  0.3889   0.3500    0.7049
       40%  Random              0.4946  0.3333   0.3000    0.6721

==============================================================================

==========================================================
  TOP 20 SAE FEATURES PREDICTING ERRORS
==========================================================
   Feature idx   Coefficient
            50        1.1586
           496        1.1277
          7366        1.0772
           680        0.9860
          1617        0.9026
          2162        0.7837
           166        0.7382
          2546        0.7172
          2176        0.7068
          4872        0.6970
           712        0.6751
          4158        0.6704
          1241        0.6682
          9618        0.6434
            90        0.5926
           943        0.5589
         10860        0.5251
          8434        0.5235
          9233        0.5191
          7123        0.5100

  TOP 20 SAE FEATURES PREDICTING CORRECT ANSWERS
   Feature idx   Coefficient
           107       -1.2646
          3036       -1.0455
         16155       -0.8860
           834       -0.8287
          9240       -0.7916
          7119       -0.7023
           252       -0.6133
           534       -0.5896
           641       -0.5814
          5662       -0.5403
           787       -0.5386
           133       -0.5047
          1456       -0.4918
          7669       -0.4832
           337       -0.4830
          2154       -0.4820
           907       -0.4545
         13542       -0.4346
            21       -0.4191
         12003       -0.4154
==========================================================

Results saved → data/phase3_results.json

Phase 3 complete. Results saved to data/phase3_results.json
