============================================================
STEP 1 - Load data
============================================================
Loaded: feature_matrix=(500, 16384), labels=(500,)
 Correct: 340 / 500 (68.0%)
 Errors: 160 / 500 (32.0%)

============================================================
STEP 2 - Separate error instances
============================================================
 Error instances : 160
 Correct instances : 340

============================================================
STEP 3 - Normalize binary activation patterns
============================================================
  Avg active features per instance: 48.4

============================================================
STEP 4 - Find optimal k
============================================================
 k=2: inertia=22.06
 k=3: inertia=20.41
 k=4: inertia=19.39
 k=5: inertia=18.49
 k=6: inertia=17.74
 k=7: inertia=17.25
 k=8: inertia=16.80
 k=9: inertia=16.43
 Suggested k: 3

Using k=3

============================================================
STEP 5 - Cluster error instances (k=3)
============================================================
 Cluster 0: 66 error instances
 Cluster 1: 78 error instances
 Cluster 2: 16 error instances

============================================================
STEP 6 - Profile clusters
============================================================

============================================================
STEP 7 - Cluster membership deferral
============================================================

Cluster-based deferral AUROC: 0.6358

============================================================
  FAILURE CLUSTER PROFILES
============================================================

  Cluster 0:
 Size : 66 error instances
 Coverage : 41.2% of all errors
 Error ratio : 47.3% of nearby instances are errors
 Top SAE features:
 Feature   3947  mean_activation=61.5727
 Feature   4919  mean_activation=56.3363
 Feature   1617  mean_activation=43.9563
 Feature   2813  mean_activation=41.1583
 Feature   7092  mean_activation=36.8981

  Cluster 1:
 Size : 78 error instances
 Coverage : 48.8% of all errors
 Error ratio : 47.6% of nearby instances are errors
 Top SAE features:
 Feature   6568  mean_activation=55.1766
 Feature   9957  mean_activation=36.8326
 Feature   3947  mean_activation=33.6260
 Feature  15437  mean_activation=29.7946
 Feature   5703  mean_activation=28.0230

  Cluster 2:
 Size : 16 error instances
 Coverage : 10.0% of all errors
 Error ratio : 29.0% of nearby instances are errors
 Top SAE features:
 Feature   7092  mean_activation=136.3651
 Feature   3775  mean_activation=131.0697
 Feature    496  mean_activation=100.0326
 Feature    133  mean_activation=68.6808
 Feature    225  mean_activation=60.5560

============================================================


============================================================
STEP 8 - Compare against Phase 3
============================================================

==============================================================================
 CLUSTER DEFERRAL vs PHASE 3 CLASSIFIER COMPARISON
==============================================================================
  Coverage  System                   AUROC      F1   Prec@k   Acc Rem
  --------  ----------------------  ------  ------  -------  --------
       20%  Cluster Membership      0.6358  0.3077   0.4000    0.7000
      20%  SAE MLP                 0.7276  0.3846   0.5000    0.7284
      20%  SAE LogReg              0.7113  0.4615   0.6000    0.7531
      20%  SAE RF                  0.8019  0.5385   0.7000    0.7778
      20%  Confidence              0.5915  0.2692   0.3500    0.6914
      20%  Random                  0.4946  0.3462   0.4500    0.7160

       30%  Cluster Membership      0.6358  0.3742   0.3867    0.7086
      30%  SAE MLP                 0.7276  0.4839   0.5000    0.7606
      30%  SAE LogReg              0.7113  0.4839   0.5000    0.7606
      30%  SAE RF                  0.8019  0.6452   0.6667    0.8310
      30%  Confidence              0.5915  0.3548   0.3667    0.7042
      30%  Random                  0.4946  0.3226   0.3333    0.6901

       40%  Cluster Membership      0.6358  0.4500   0.4050    0.7367
      40%  SAE MLP                 0.7276  0.6111   0.5500    0.8361
      40%  SAE LogReg              0.7113  0.5278   0.4750    0.7869
      40%  SAE RF                  0.8019  0.6667   0.6000    0.8689
      40%  Confidence              0.5915  0.3889   0.3500    0.7049
      40%  Random                  0.4946  0.3333   0.3000    0.6721

==============================================================================

============================================================
STEP 9 - Save
============================================================
Saved clusters -> data/clusters.npz
Saved results -> data/phase4_results.json

Done.
