============================================================
STEP 1: Load Gemma 3
============================================================
Loading tokenizer: google/gemma-3-4b-it ...
Loading model: google/gemma-3-4b-it (bfloat16, device_map=auto) ...
  -> 4.30B parameters on cuda

============================================================
STEP 2: Load GemmaScope2 SAE (layer 17)
============================================================
SAE loaded - layer 17, sae_dim=16384, hidden_dim=2560

============================================================
STEP 3: Load labeled instances
============================================================
Loaded 500 instances <- data/labeled_instances.json

============================================================
STEP 4: SAE feature extraction
============================================================
Extracting features for 500 labeled instances (skipped 0 unlabeled)...
  [50/500]  correct: 33/50 (66.0%)
  Checkpoint saved → data/features_checkpoint.npz
  [100/500]  correct: 64/100 (64.0%)
  Checkpoint saved → data/features_checkpoint.npz
  [150/500]  correct: 94/150 (62.7%)
  Checkpoint saved → data/features_checkpoint.npz
  [200/500]  correct: 129/200 (64.5%)
  Checkpoint saved → data/features_checkpoint.npz
  [250/500]  correct: 159/250 (63.6%)
  Checkpoint saved → data/features_checkpoint.npz
  [300/500]  correct: 196/300 (65.3%)
  Checkpoint saved → data/features_checkpoint.npz
  [350/500]  correct: 229/350 (65.4%)
  Checkpoint saved → data/features_checkpoint.npz
  [400/500]  correct: 265/400 (66.2%)
  Checkpoint saved → data/features_checkpoint.npz
  [450/500]  correct: 309/450 (68.7%)
  Checkpoint saved → data/features_checkpoint.npz
  [500/500]  correct: 340/500 (68.0%)
  Checkpoint saved → data/features_checkpoint.npz

============================================================
STEP 5: Feature statistics
============================================================

==========================================================
  FEATURE STATISTICS
==========================================================
  Instances : 500
  SAE dim : 16384
  Avg active features / instance : 50.0  (out of 16384)
  Avg sparsity : 0.9969
  Mean activation - correct : 0.914999
  Mean activation - incorrect : 0.886924
==========================================================


============================================================
STEP 6: Save features
============================================================
Saved feature_matrix (500, 16384) → data/feature_matrix.npy
Saved labels (500,) → data/labels.npy
Saved instance_ids → data/instance_ids.json

Done. Feature matrix shape: (500, 16384)
Correct: 340 / 500 instances
Outputs saved to: data/
