============================================================
STEP 1 - Load data
============================================================
Loaded: feature_matrix=(500, 16384), labels=(500,)
 Correct: 235 / 500 (47.0%)
 Errors: 265 / 500 (53.0%)

============================================================
STEP 2 - Separate error instances
============================================================
 Error instances : 265
 Correct instances : 235

============================================================
STEP 3 - Normalize binary activation patterns
============================================================
  Avg active features per instance: 45.6

============================================================
STEP 4 - Find optimal k
============================================================
 k=2: inertia=30.28
 k=3: inertia=28.16
 k=4: inertia=26.78
 k=5: inertia=25.71
 k=6: inertia=25.29
 k=7: inertia=24.32
 k=8: inertia=23.82
 k=9: inertia=22.97
 Suggested k: 3

Using k=3

============================================================
STEP 5 - Cluster error instances (k=3)
============================================================
 Cluster 0: 98 error instances
 Cluster 1: 81 error instances
 Cluster 2: 86 error instances

============================================================
STEP 6 - Profile clusters
============================================================

============================================================
STEP 7 - Cluster membership deferral
============================================================

Cluster-based deferral AUROC: 0.5952

============================================================
  FAILURE CLUSTER PROFILES
============================================================

  Cluster 0:
 Size : 98 error instances
 Coverage : 37.0% of all errors
 Error ratio : 60.2% of nearby instances are errors
 Top SAE features:
 Feature    367  mean_activation=88.9693
 Feature   1307  mean_activation=47.8692
 Feature    562  mean_activation=36.9125
 Feature     11  mean_activation=34.9675
 Feature  14293  mean_activation=34.0293

  Cluster 1:
 Size : 81 error instances
 Coverage : 30.6% of all errors
 Error ratio : 55.6% of nearby instances are errors
 Top SAE features:
 Feature   2303  mean_activation=78.5518
 Feature   2158  mean_activation=75.3103
 Feature    679  mean_activation=58.0766
 Feature    537  mean_activation=53.5427
 Feature    543  mean_activation=42.3292

  Cluster 2:
 Size : 86 error instances
 Coverage : 32.5% of all errors
 Error ratio : 56.8% of nearby instances are errors
 Top SAE features:
 Feature    187  mean_activation=100.9618
 Feature   1095  mean_activation=83.5560
 Feature    931  mean_activation=81.4426
 Feature   1250  mean_activation=63.7505
 Feature   2774  mean_activation=60.7141

============================================================


============================================================
STEP 8 - Compare against Phase 3
============================================================

==============================================================================
 CLUSTER DEFERRAL vs PHASE 3 CLASSIFIER COMPARISON
==============================================================================
  Coverage  System                   AUROC      F1   Prec@k   Acc Rem
  --------  ----------------------  ------  ------  -------  --------
       20%  Cluster Membership      0.5952  0.3342   0.6100    0.4900
      20%  SAE MLP                 0.7174  0.3514   0.6500    0.5000
      20%  SAE LogReg              0.7544  0.4054   0.7500    0.5244
      20%  SAE RF                  0.7656  0.4324   0.8000    0.5366
      20%  Confidence              0.4792  0.2973   0.5500    0.4756
      20%  Random                  0.4097  0.2432   0.4500    0.4512

       30%  Cluster Membership      0.5952  0.4241   0.5867    0.4943
      30%  SAE MLP                 0.7174  0.5000   0.7000    0.5417
      30%  SAE LogReg              0.7544  0.5476   0.7667    0.5694
      30%  SAE RF                  0.7656  0.5476   0.7667    0.5694
      30%  Confidence              0.4792  0.4000   0.5333    0.4722
      30%  Random                  0.4097  0.3333   0.4667    0.4444

       40%  Cluster Membership      0.5952  0.5204   0.6050    0.5200
      40%  SAE MLP                 0.7174  0.6383   0.7500    0.6129
      40%  SAE LogReg              0.7544  0.6383   0.7500    0.6129
      40%  SAE RF                  0.7656  0.6596   0.7750    0.6290
      40%  Confidence              0.4792  0.5000   0.5500    0.4839
      40%  Random                  0.4097  0.3830   0.4500    0.4194

==============================================================================

============================================================
STEP 9 - Save
============================================================
Saved clusters -> data/clusters.npz
Saved results -> data/phase4_results.json

Done.
