============================================================
STEP 1: Load Phase 2 outputs
============================================================
Loaded: feature_matrix=(500, 16384), labels=(500,), log_probs=(500,)
  Correct: 235 / 500 (47.0%)

============================================================
STEP 2: Train / val / test split
============================================================
  train: 349 instances, correct=164 (47.0%)
  val: 49 instances, correct=23 (46.9%)
  test: 102 instances, correct=48 (47.1%)

  Training on 349 instances, validating on 49, testing on 102

============================================================
STEP 3: Train classifiers
============================================================

Training Logistic Regression...
Logistic Regression trained.
Training MLP...
MLP trained.
Training Random Forest...
Random Forest trained.

Validation set sanity check:
  LogReg val accuracy: 0.7755
  MLP val accuracy: 0.8163
  RF val accuracy: 0.7551

============================================================
STEP 4: 5-Fold Cross-Validation
============================================================

  Fold 1/5
Logistic Regression trained.
    SAE LogReg: AUROC=0.7187
MLP trained.
    SAE MLP: AUROC=0.6823
Random Forest trained.
    SAE RF: AUROC=0.7036

  Fold 2/5
Logistic Regression trained.
    SAE LogReg: AUROC=0.8008
MLP trained.
    SAE MLP: AUROC=0.6786
Random Forest trained.
    SAE RF: AUROC=0.7951

  Fold 3/5
Logistic Regression trained.
    SAE LogReg: AUROC=0.7074
MLP trained.
    SAE MLP: AUROC=0.7464
Random Forest trained.
    SAE RF: AUROC=0.7043

  Fold 4/5
Logistic Regression trained.
    SAE LogReg: AUROC=0.6638
MLP trained.
    SAE MLP: AUROC=0.7558
Random Forest trained.
    SAE RF: AUROC=0.7494

  Fold 5/5
Logistic Regression trained.
    SAE LogReg: AUROC=0.7014
MLP trained.
    SAE MLP: AUROC=0.7593
Random Forest trained.
    SAE RF: AUROC=0.7059

==============================================================================
  K-FOLD CROSS-VALIDATION RESULTS
==============================================================================
  System                       AUROC          F1@20%          F1@30%          F1@40%  
  ------------------  --------------  --------------  --------------  --------------
  SAE LogReg          0.7184 ± 0.0451  0.4563 ± 0.0411  0.5465 ± 0.0549  0.6177 ± 0.0497  
  SAE MLP             0.7245 ± 0.0362  0.4359 ± 0.0589  0.5229 ± 0.0370  0.6180 ± 0.0452  
  SAE RF              0.7317 ± 0.0362  0.4222 ± 0.0507  0.5699 ± 0.0262  0.6503 ± 0.0362  
==============================================================================

============================================================
STEP 5: Evaluate deferral systems
============================================================

==============================================================================
  DEFERRAL EVALUATION RESULTS
==============================================================================
  Coverage  System               AUROC      F1   Prec@k   Acc Rem
  --------  ------------------  ------  ------  -------  --------
       20%  SAE LogReg          0.7544  0.4054   0.7500   0.2778    0.5244
       20%  SAE MLP             0.7174  0.3514   0.6500   0.2407    0.5000
       20%  SAE RF              0.7656  0.4324   0.8000   0.2963    0.5366
       20%  Confidence          0.4792  0.2973   0.5500   0.2037    0.4756
       20%  Random              0.4097  0.2432   0.4500   0.1667    0.4512

       30%  SAE LogReg          0.7544  0.5476   0.7667   0.4259    0.5694
       30%  SAE MLP             0.7174  0.5000   0.7000   0.3889    0.5417
       30%  SAE RF              0.7656  0.5476   0.7667   0.4259    0.5694
       30%  Confidence          0.4792  0.4000   0.5333   0.2963    0.4722
       30%  Random              0.4097  0.3333   0.4667   0.2593    0.4444

       40%  SAE LogReg          0.7544  0.6383   0.7500   0.5556    0.6129
       40%  SAE MLP             0.7174  0.6383   0.7500   0.5556    0.6129
       40%  SAE RF              0.7656  0.6596   0.7750   0.5741    0.6290
       40%  Confidence          0.4792  0.5000   0.5500   0.4074    0.4839
       40%  Random              0.4097  0.3830   0.4500   0.3333    0.4194

==============================================================================

==========================================================
  TOP 20 SAE FEATURES PREDICTING ERRORS
==========================================================
   Feature idx   Coefficient
          9381        0.8194
           562        0.7019
            70        0.6693
           774        0.5881
          4461        0.5512
          7492        0.5205
          2158        0.4753
            38        0.4253
          1300        0.4133
         13905        0.4062
           136        0.3954
          1037        0.3569
           494        0.3474
           187        0.3462
          1072        0.2731
          1854        0.2712
          5103        0.2584
          1250        0.2498
          2104        0.2342
           665        0.2268

  TOP 20 SAE FEATURES PREDICTING CORRECT ANSWERS
   Feature idx   Coefficient
          3048       -0.9511
           367       -0.8807
          4312       -0.6990
           543       -0.6329
          1063       -0.5769
           326       -0.5125
          1467       -0.4695
            11       -0.4627
          2436       -0.4371
          1016       -0.4080
           252       -0.4077
           986       -0.3906
          1274       -0.3684
          3117       -0.3435
          1307       -0.3241
          1053       -0.3196
          9439       -0.2805
          3838       -0.2798
           711       -0.2640
          2964       -0.2532
==========================================================

Results saved → data/phase3_results.json

Phase 3 complete. Results saved to data/phase3_results.json
