============================================================
STEP 1 - Load data
============================================================
Loaded: feature_matrix=(500, 16384), labels=(500,)
 Correct: 340 / 500 (68.0%)
 Errors: 160 / 500 (32.0%)

============================================================
STEP 2 - Separate error instances
============================================================
 Error instances : 160
 Correct instances : 340

============================================================
STEP 3 - Normalize binary activation patterns
============================================================
  Avg active features per instance: 31.5

============================================================
STEP 4 - Find optimal k
============================================================
 k=2: inertia=4.62
 k=3: inertia=3.71
 k=4: inertia=3.27
 k=5: inertia=2.87
 k=6: inertia=2.53
 k=7: inertia=2.24
 k=8: inertia=1.99
 k=9: inertia=1.79
 Suggested k: 3

Using k=3

============================================================
STEP 5 - Cluster error instances (k=3)
============================================================
 Cluster 0: 52 error instances
 Cluster 1: 46 error instances
 Cluster 2: 62 error instances

============================================================
STEP 6 - Profile clusters
============================================================

============================================================
STEP 7 - Cluster membership deferral
============================================================

Cluster-based deferral AUROC: 0.5277

============================================================
  FAILURE CLUSTER PROFILES
============================================================

  Cluster 0:
 Size : 52 error instances
 Coverage : 32.5% of all errors
 Error ratio : 32.9% of nearby instances are errors
 Top SAE features:
 Feature   6218  mean_activation=5.1200
 Feature  13272  mean_activation=3.0596
 Feature  15680  mean_activation=1.4313
 Feature    449  mean_activation=1.2379
 Feature    887  mean_activation=0.9398

  Cluster 1:
 Size : 46 error instances
 Coverage : 28.7% of all errors
 Error ratio : 30.6% of nearby instances are errors
 Top SAE features:
 Feature   1801  mean_activation=20.8668
 Feature    759  mean_activation=7.8604
 Feature    314  mean_activation=6.4879
 Feature    323  mean_activation=6.3835
 Feature    142  mean_activation=6.3643

  Cluster 2:
 Size : 62 error instances
 Coverage : 38.8% of all errors
 Error ratio : 34.3% of nearby instances are errors
 Top SAE features:
 Feature   4647  mean_activation=12.4832
 Feature   6218  mean_activation=8.8374
 Feature    654  mean_activation=5.3517
 Feature    205  mean_activation=5.3451
 Feature    312  mean_activation=4.2625

============================================================


============================================================
STEP 8 - Compare against Phase 3
============================================================

==============================================================================
 CLUSTER DEFERRAL vs PHASE 3 CLASSIFIER COMPARISON
==============================================================================
  Coverage  System                   AUROC      F1   Prec@k   Acc Rem
  --------  ----------------------  ------  ------  -------  --------
       20%  Cluster Membership      0.5277  0.2930   0.3700    0.6925
      20%  SAE MLP                 0.4382  0.1538   0.2000    0.6543
      20%  SAE LogReg              0.4864  0.2308   0.3000    0.6790
      20%  SAE RF                  0.5795  0.2308   0.3000    0.6790
      20%  Confidence              0.5915  0.2692   0.3500    0.6914
      20%  Random                  0.4946  0.3462   0.4500    0.7160

       30%  Cluster Membership      0.5277  0.3486   0.3533    0.6943
      30%  SAE MLP                 0.4382  0.2258   0.2333    0.6479
      30%  SAE LogReg              0.4864  0.2581   0.2667    0.6620
      30%  SAE RF                  0.5795  0.2903   0.3000    0.6761
      30%  Confidence              0.5915  0.3548   0.3667    0.7042
      30%  Random                  0.4946  0.3226   0.3333    0.6901

       40%  Cluster Membership      0.5277  0.4127   0.3550    0.7033
      40%  SAE MLP                 0.4382  0.2778   0.2500    0.6393
      40%  SAE LogReg              0.4864  0.3333   0.3000    0.6721
      40%  SAE RF                  0.5795  0.4722   0.4250    0.7541
      40%  Confidence              0.5915  0.3889   0.3500    0.7049
      40%  Random                  0.4946  0.3333   0.3000    0.6721

==============================================================================

============================================================
STEP 9 - Save
============================================================
Saved clusters -> data/clusters.npz
Saved results -> data/phase4_results.json

Done.
