============================================================
STEP 1: Load Phase 2 outputs
============================================================
Loaded: feature_matrix=(500, 16384), labels=(500,), log_probs=(500,)
  Correct: 340 / 500 (68.0%)

============================================================
STEP 2: Train / val / test split
============================================================
  train: 349 instances, correct=237 (67.9%)
  val: 50 instances, correct=34 (68.0%)
  test: 101 instances, correct=69 (68.3%)

  Training on 349 instances, validating on 50, testing on 101

============================================================
STEP 3: Train classifiers
============================================================

Training Logistic Regression...
Logistic Regression trained.
Training MLP...
MLP trained.
Training Random Forest...
Random Forest trained.

Validation set sanity check:
  LogReg val accuracy: 0.5000
  MLP val accuracy: 0.5200
  RF val accuracy: 0.6800

============================================================
STEP 4: 5-Fold Cross-Validation
============================================================

  Fold 1/5
Logistic Regression trained.
    SAE LogReg: AUROC=0.6120
MLP trained.
    SAE MLP: AUROC=0.5764
Random Forest trained.
    SAE RF: AUROC=0.5600

  Fold 2/5
Logistic Regression trained.
    SAE LogReg: AUROC=0.5958
MLP trained.
    SAE MLP: AUROC=0.4448
Random Forest trained.
    SAE RF: AUROC=0.5324

  Fold 3/5
Logistic Regression trained.
    SAE LogReg: AUROC=0.4644
MLP trained.
    SAE MLP: AUROC=0.5178
Random Forest trained.
    SAE RF: AUROC=0.6296

  Fold 4/5
Logistic Regression trained.
    SAE LogReg: AUROC=0.5477
MLP trained.
    SAE MLP: AUROC=0.5463
Random Forest trained.
    SAE RF: AUROC=0.4872

  Fold 5/5
Logistic Regression trained.
    SAE LogReg: AUROC=0.4796
MLP trained.
    SAE MLP: AUROC=0.4774
Random Forest trained.
    SAE RF: AUROC=0.4515

==============================================================================
  K-FOLD CROSS-VALIDATION RESULTS
==============================================================================
  System                       AUROC          F1@20%          F1@30%          F1@40%  
  ------------------  --------------  --------------  --------------  --------------
  SAE LogReg          0.5399 ± 0.0595  0.2611 ± 0.0404  0.3480 ± 0.0470  0.4040 ± 0.0632  
  SAE MLP             0.5125 ± 0.0470  0.2319 ± 0.0361  0.3238 ± 0.0562  0.3622 ± 0.0773  
  SAE RF              0.5321 ± 0.0613  0.3092 ± 0.0729  0.3396 ± 0.0731  0.3756 ± 0.0918  
==============================================================================

============================================================
STEP 5: Evaluate deferral systems
============================================================

==============================================================================
  DEFERRAL EVALUATION RESULTS
==============================================================================
  Coverage  System               AUROC      F1   Prec@k   Acc Rem
  --------  ------------------  ------  ------  -------  --------
       20%  SAE LogReg          0.4864  0.2308   0.3000    0.6790
       20%  SAE MLP             0.4382  0.1538   0.2000    0.6543
       20%  SAE RF              0.5795  0.2308   0.3000    0.6790
       20%  Confidence          0.5915  0.2692   0.3500    0.6914
       20%  Random              0.4946  0.3462   0.4500    0.7160

       30%  SAE LogReg          0.4864  0.2581   0.2667    0.6620
       30%  SAE MLP             0.4382  0.2258   0.2333    0.6479
       30%  SAE RF              0.5795  0.2903   0.3000    0.6761
       30%  Confidence          0.5915  0.3548   0.3667    0.7042
       30%  Random              0.4946  0.3226   0.3333    0.6901

       40%  SAE LogReg          0.4864  0.3333   0.3000    0.6721
       40%  SAE MLP             0.4382  0.2778   0.2500    0.6393
       40%  SAE RF              0.5795  0.4722   0.4250    0.7541
       40%  Confidence          0.5915  0.3889   0.3500    0.7049
       40%  Random              0.4946  0.3333   0.3000    0.6721

==============================================================================

==========================================================
  TOP 20 SAE FEATURES PREDICTING ERRORS
==========================================================
   Feature idx   Coefficient
          1685        0.6127
           294        0.5154
          2495        0.4821
          7162        0.3605
           759        0.3361
           205        0.3058
         14557        0.2926
          3559        0.2465
           887        0.2346
         13235        0.2185
          6146        0.2056
           588        0.1964
           383        0.1711
           174        0.1581
           654        0.1544
           401        0.1444
         11768        0.1405
           314        0.1191
          7254        0.1176
          3226        0.1147

  TOP 20 SAE FEATURES PREDICTING CORRECT ANSWERS
   Feature idx   Coefficient
           449       -0.9446
          7336       -0.5113
            13       -0.4361
           367       -0.4353
           142       -0.4004
            42       -0.3620
           669       -0.3461
          6218       -0.3368
           312       -0.3163
          3483       -0.2950
         13391       -0.2482
         13272       -0.1213
           122       -0.0686
          4647       -0.0502
         10974        0.0000
         10895        0.0000
         10880        0.0000
         10881        0.0000
         10882        0.0000
         10899        0.0000
==========================================================

Results saved → data/phase3_results.json

Phase 3 complete. Results saved to data/phase3_results.json
